[2014-12-05 21:20:47] [info] Start Program:
Path:"MindMapUnitTesting.exe"
Arguments:
Working directory: not set.

Modules: Selected: * Excluded: 
Sources: Selected: D:\MindMap Excluded: 
Verbose mode: 0

[2014-12-05 21:20:47] [info] Module: D:\MindMap\x64\Debug\MindMapUnitTesting.exe is selected because it matches selected pattern: *
[2014-12-05 21:20:48] [info] Module: C:\Windows\System32\ntdll.dll is selected because it matches selected pattern: *
[2014-12-05 21:20:48] [warning] Cannot find pdb for C:\Windows\System32\ntdll.dll
[2014-12-05 21:20:48] [info] Module: C:\Windows\System32\kernel32.dll is selected because it matches selected pattern: *
[2014-12-05 21:20:48] [warning] Cannot find pdb for C:\Windows\System32\kernel32.dll
[2014-12-05 21:20:48] [info] Module: C:\Windows\System32\KernelBase.dll is selected because it matches selected pattern: *
[2014-12-05 21:20:48] [warning] Cannot find pdb for C:\Windows\System32\KernelBase.dll
[2014-12-05 21:20:48] [info] Module: D:\MindMap\x64\Debug\Qt5Cored.dll is selected because it matches selected pattern: *
[2014-12-05 21:20:48] [warning] Cannot find pdb for D:\MindMap\x64\Debug\Qt5Cored.dll
[2014-12-05 21:20:48] [info] Module: D:\MindMap\x64\Debug\Qt5Guid.dll is selected because it matches selected pattern: *
[2014-12-05 21:20:48] [warning] Cannot find pdb for D:\MindMap\x64\Debug\Qt5Guid.dll
[2014-12-05 21:20:48] [info] Module: D:\MindMap\x64\Debug\Qt5Widgetsd.dll is selected because it matches selected pattern: *
[2014-12-05 21:20:48] [warning] Cannot find pdb for D:\MindMap\x64\Debug\Qt5Widgetsd.dll
[2014-12-05 21:20:48] [info] Module: C:\Windows\System32\msvcp120d.dll is selected because it matches selected pattern: *
[2014-12-05 21:20:48] [warning] Cannot find pdb for C:\Windows\System32\msvcp120d.dll
[2014-12-05 21:20:48] [info] Module: C:\Windows\System32\msvcr120d.dll is selected because it matches selected pattern: *
[2014-12-05 21:20:48] [warning] Cannot find pdb for C:\Windows\System32\msvcr120d.dll
[2014-12-05 21:20:48] [info] Module: C:\Windows\System32\user32.dll is selected because it matches selected pattern: *
[2014-12-05 21:20:48] [warning] Cannot find pdb for C:\Windows\System32\user32.dll
[2014-12-05 21:20:48] [info] Module: C:\Windows\System32\shell32.dll is selected because it matches selected pattern: *
[2014-12-05 21:20:48] [warning] Cannot find pdb for C:\Windows\System32\shell32.dll
[2014-12-05 21:20:48] [info] Module: C:\Windows\System32\ole32.dll is selected because it matches selected pattern: *
[2014-12-05 21:20:48] [warning] Cannot find pdb for C:\Windows\System32\ole32.dll
[2014-12-05 21:20:48] [info] Module: C:\Windows\System32\advapi32.dll is selected because it matches selected pattern: *
[2014-12-05 21:20:48] [warning] Cannot find pdb for C:\Windows\System32\advapi32.dll
[2014-12-05 21:20:48] [info] Module: C:\Windows\System32\ws2_32.dll is selected because it matches selected pattern: *
[2014-12-05 21:20:48] [warning] Cannot find pdb for C:\Windows\System32\ws2_32.dll
[2014-12-05 21:20:48] [info] Module: D:\MindMap\x64\Debug\icuin52.dll is selected because it matches selected pattern: *
[2014-12-05 21:20:48] [warning] Cannot find pdb for D:\MindMap\x64\Debug\icuin52.dll
[2014-12-05 21:20:48] [info] Module: D:\MindMap\x64\Debug\icuuc52.dll is selected because it matches selected pattern: *
[2014-12-05 21:20:48] [warning] Cannot find pdb for D:\MindMap\x64\Debug\icuuc52.dll
[2014-12-05 21:20:48] [info] Module: D:\MindMap\x64\Debug\libGLESv2d.dll is selected because it matches selected pattern: *
[2014-12-05 21:20:48] [warning] Cannot find pdb for D:\MindMap\x64\Debug\libGLESv2d.dll
[2014-12-05 21:20:48] [info] Module: C:\Windows\System32\gdi32.dll is selected because it matches selected pattern: *
[2014-12-05 21:20:48] [warning] Cannot find pdb for C:\Windows\System32\gdi32.dll
[2014-12-05 21:20:48] [info] Module: C:\Windows\System32\msvcrt.dll is selected because it matches selected pattern: *
[2014-12-05 21:20:48] [warning] Cannot find pdb for C:\Windows\System32\msvcrt.dll
[2014-12-05 21:20:48] [info] Module: C:\Windows\System32\combase.dll is selected because it matches selected pattern: *
[2014-12-05 21:20:48] [warning] Cannot find pdb for C:\Windows\System32\combase.dll
[2014-12-05 21:20:48] [info] Module: C:\Windows\System32\shlwapi.dll is selected because it matches selected pattern: *
[2014-12-05 21:20:48] [warning] Cannot find pdb for C:\Windows\System32\shlwapi.dll
[2014-12-05 21:20:48] [info] Module: C:\Windows\System32\rpcrt4.dll is selected because it matches selected pattern: *
[2014-12-05 21:20:48] [warning] Cannot find pdb for C:\Windows\System32\rpcrt4.dll
[2014-12-05 21:20:48] [info] Module: C:\Windows\System32\sechost.dll is selected because it matches selected pattern: *
[2014-12-05 21:20:48] [warning] Cannot find pdb for C:\Windows\System32\sechost.dll
[2014-12-05 21:20:48] [info] Module: C:\Windows\System32\nsi.dll is selected because it matches selected pattern: *
[2014-12-05 21:20:48] [warning] Cannot find pdb for C:\Windows\System32\nsi.dll
[2014-12-05 21:20:48] [info] Module: C:\Windows\System32\msvcr120.dll is selected because it matches selected pattern: *
[2014-12-05 21:20:48] [warning] Cannot find pdb for C:\Windows\System32\msvcr120.dll
[2014-12-05 21:20:48] [info] Module: C:\Windows\System32\msvcp120.dll is selected because it matches selected pattern: *
[2014-12-05 21:20:48] [warning] Cannot find pdb for C:\Windows\System32\msvcp120.dll
[2014-12-05 21:20:48] [info] Module: D:\MindMap\x64\Debug\icudt52.dll is selected because it matches selected pattern: *
[2014-12-05 21:20:48] [warning] Cannot find pdb for D:\MindMap\x64\Debug\icudt52.dll
[2014-12-05 21:20:48] [info] Module: C:\Windows\System32\d3d9.dll is selected because it matches selected pattern: *
[2014-12-05 21:20:48] [warning] Cannot find pdb for C:\Windows\System32\d3d9.dll
[2014-12-05 21:20:48] [info] Module: C:\Windows\System32\version.dll is selected because it matches selected pattern: *
[2014-12-05 21:20:48] [warning] Cannot find pdb for C:\Windows\System32\version.dll
[2014-12-05 21:20:48] [info] Module: C:\Windows\System32\dwmapi.dll is selected because it matches selected pattern: *
[2014-12-05 21:20:48] [warning] Cannot find pdb for C:\Windows\System32\dwmapi.dll
[2014-12-05 21:20:48] [info] Module: C:\Windows\System32\imm32.dll is selected because it matches selected pattern: *
[2014-12-05 21:20:49] [warning] Cannot find pdb for C:\Windows\System32\imm32.dll
[2014-12-05 21:20:49] [info] Module: C:\Windows\System32\msctf.dll is selected because it matches selected pattern: *
[2014-12-05 21:20:49] [warning] Cannot find pdb for C:\Windows\System32\msctf.dll
[2014-12-05 21:20:49] [info] Module: C:\Windows\System32\SHCore.dll is selected because it matches selected pattern: *
[2014-12-05 21:20:49] [warning] Cannot find pdb for C:\Windows\System32\SHCore.dll
[2014-12-05 21:20:49] [info] Module: C:\Windows\System32\profapi.dll is selected because it matches selected pattern: *
[2014-12-05 21:20:49] [warning] Cannot find pdb for C:\Windows\System32\profapi.dll
[2014-12-05 21:20:49] [info] Module: C:\Windows\System32\cryptbase.dll is selected because it matches selected pattern: *
[2014-12-05 21:20:49] [warning] Cannot find pdb for C:\Windows\System32\cryptbase.dll
[2014-12-05 21:20:49] [info] Module: C:\Windows\System32\bcryptprimitives.dll is selected because it matches selected pattern: *
[2014-12-05 21:20:49] [warning] Cannot find pdb for C:\Windows\System32\bcryptprimitives.dll
[2014-12-05 21:20:49] [info] Module: C:\Qt\Qt5.3.2\5.3\msvc2013_64\plugins\platforms\qwindowsd.dll is selected because it matches selected pattern: *
[2014-12-05 21:20:49] [warning] Cannot find pdb for C:\Qt\Qt5.3.2\5.3\msvc2013_64\plugins\platforms\qwindowsd.dll
[2014-12-05 21:20:49] [info] Module: C:\Windows\System32\winmm.dll is selected because it matches selected pattern: *
[2014-12-05 21:20:49] [warning] Cannot find pdb for C:\Windows\System32\winmm.dll
[2014-12-05 21:20:49] [info] Module: C:\Windows\System32\oleaut32.dll is selected because it matches selected pattern: *
[2014-12-05 21:20:49] [warning] Cannot find pdb for C:\Windows\System32\oleaut32.dll
[2014-12-05 21:20:49] [info] Module: D:\MindMap\x64\Debug\libEGLd.dll is selected because it matches selected pattern: *
[2014-12-05 21:20:49] [warning] Cannot find pdb for D:\MindMap\x64\Debug\libEGLd.dll
[2014-12-05 21:20:49] [info] Module: C:\Windows\System32\winmmbase.dll is selected because it matches selected pattern: *
[2014-12-05 21:20:49] [warning] Cannot find pdb for C:\Windows\System32\winmmbase.dll
[2014-12-05 21:20:49] [info] Module: C:\Windows\System32\cfgmgr32.dll is selected because it matches selected pattern: *
[2014-12-05 21:20:49] [warning] Cannot find pdb for C:\Windows\System32\cfgmgr32.dll
[2014-12-05 21:20:49] [info] Module: C:\Windows\System32\devobj.dll is selected because it matches selected pattern: *
[2014-12-05 21:20:49] [warning] Cannot find pdb for C:\Windows\System32\devobj.dll
[2014-12-05 21:20:49] [info] Module: C:\Windows\System32\kernel.appcore.dll is selected because it matches selected pattern: *
[2014-12-05 21:20:49] [warning] Cannot find pdb for C:\Windows\System32\kernel.appcore.dll
[2014-12-05 21:20:49] [info] Module: C:\Windows\System32\uxtheme.dll is selected because it matches selected pattern: *
[2014-12-05 21:20:49] [warning] Cannot find pdb for C:\Windows\System32\uxtheme.dll
[2014-12-05 21:20:50] [info] Create coverage report for D:\MindMap\x64\Debug\MindMapUnitTesting.exe
[2014-12-05 21:20:50] [info] Create coverage report for C:\Windows\System32\ntdll.dll
[2014-12-05 21:20:50] [info] Create coverage report for C:\Windows\System32\kernel32.dll
[2014-12-05 21:20:50] [info] Create coverage report for C:\Windows\System32\KernelBase.dll
[2014-12-05 21:20:50] [info] Create coverage report for D:\MindMap\x64\Debug\Qt5Cored.dll
[2014-12-05 21:20:50] [info] Create coverage report for D:\MindMap\x64\Debug\Qt5Guid.dll
[2014-12-05 21:20:50] [info] Create coverage report for D:\MindMap\x64\Debug\Qt5Widgetsd.dll
[2014-12-05 21:20:50] [info] Create coverage report for C:\Windows\System32\msvcp120d.dll
[2014-12-05 21:20:50] [info] Create coverage report for C:\Windows\System32\msvcr120d.dll
[2014-12-05 21:20:50] [info] Create coverage report for C:\Windows\System32\user32.dll
[2014-12-05 21:20:50] [info] Create coverage report for C:\Windows\System32\shell32.dll
[2014-12-05 21:20:50] [info] Create coverage report for C:\Windows\System32\ole32.dll
[2014-12-05 21:20:50] [info] Create coverage report for C:\Windows\System32\advapi32.dll
[2014-12-05 21:20:50] [info] Create coverage report for C:\Windows\System32\ws2_32.dll
[2014-12-05 21:20:50] [info] Create coverage report for D:\MindMap\x64\Debug\icuin52.dll
[2014-12-05 21:20:50] [info] Create coverage report for D:\MindMap\x64\Debug\icuuc52.dll
[2014-12-05 21:20:50] [info] Create coverage report for D:\MindMap\x64\Debug\libGLESv2d.dll
[2014-12-05 21:20:50] [info] Create coverage report for C:\Windows\System32\gdi32.dll
[2014-12-05 21:20:50] [info] Create coverage report for C:\Windows\System32\msvcrt.dll
[2014-12-05 21:20:50] [info] Create coverage report for C:\Windows\System32\combase.dll
[2014-12-05 21:20:50] [info] Create coverage report for C:\Windows\System32\shlwapi.dll
[2014-12-05 21:20:50] [info] Create coverage report for C:\Windows\System32\rpcrt4.dll
[2014-12-05 21:20:50] [info] Create coverage report for C:\Windows\System32\sechost.dll
[2014-12-05 21:20:50] [info] Create coverage report for C:\Windows\System32\nsi.dll
[2014-12-05 21:20:50] [info] Create coverage report for C:\Windows\System32\msvcr120.dll
[2014-12-05 21:20:50] [info] Create coverage report for C:\Windows\System32\msvcp120.dll
[2014-12-05 21:20:50] [info] Create coverage report for D:\MindMap\x64\Debug\icudt52.dll
[2014-12-05 21:20:50] [info] Create coverage report for C:\Windows\System32\d3d9.dll
[2014-12-05 21:20:50] [info] Create coverage report for C:\Windows\System32\version.dll
[2014-12-05 21:20:50] [info] Create coverage report for C:\Windows\System32\dwmapi.dll
[2014-12-05 21:20:50] [info] Create coverage report for C:\Windows\System32\imm32.dll
[2014-12-05 21:20:50] [info] Create coverage report for C:\Windows\System32\msctf.dll
[2014-12-05 21:20:50] [info] Create coverage report for C:\Windows\System32\SHCore.dll
[2014-12-05 21:20:50] [info] Create coverage report for C:\Windows\System32\profapi.dll
[2014-12-05 21:20:50] [info] Create coverage report for C:\Windows\System32\cryptbase.dll
[2014-12-05 21:20:50] [info] Create coverage report for C:\Windows\System32\bcryptprimitives.dll
[2014-12-05 21:20:50] [info] Create coverage report for C:\Qt\Qt5.3.2\5.3\msvc2013_64\plugins\platforms\qwindowsd.dll
[2014-12-05 21:20:50] [info] Create coverage report for C:\Windows\System32\winmm.dll
[2014-12-05 21:20:50] [info] Create coverage report for C:\Windows\System32\oleaut32.dll
[2014-12-05 21:20:50] [info] Create coverage report for D:\MindMap\x64\Debug\libEGLd.dll
[2014-12-05 21:20:50] [info] Create coverage report for C:\Windows\System32\winmmbase.dll
[2014-12-05 21:20:50] [info] Create coverage report for C:\Windows\System32\cfgmgr32.dll
[2014-12-05 21:20:50] [info] Create coverage report for C:\Windows\System32\devobj.dll
[2014-12-05 21:20:50] [info] Create coverage report for C:\Windows\System32\kernel.appcore.dll
[2014-12-05 21:20:50] [info] Create coverage report for C:\Windows\System32\uxtheme.dll
[2014-12-05 21:20:50] [info] ----------------------------------------------------
[2014-12-05 21:20:50] [info] Coverage generated in Folder D:\MindMap\x64\Debug\CoverageReport-2014-12-05-21h20m50s
[2014-12-05 21:20:50] [info] ----------------------------------------------------
