d:\dropbox\北科\103級資工所\103學年第一學期\posd\homework\mindmap\mindmap\x64\debug\vc120.pdb
d:\dropbox\北科\103級資工所\103學年第一學期\posd\homework\mindmap\mindmap\x64\debug\root.obj
d:\dropbox\北科\103級資工所\103學年第一學期\posd\homework\mindmap\mindmap\x64\debug\presentationmodel.obj
d:\dropbox\北科\103級資工所\103學年第一學期\posd\homework\mindmap\mindmap\x64\debug\node.obj
d:\dropbox\北科\103級資工所\103學年第一學期\posd\homework\mindmap\mindmap\x64\debug\model.obj
d:\dropbox\北科\103級資工所\103學年第一學期\posd\homework\mindmap\mindmap\x64\debug\main.obj
d:\dropbox\北科\103級資工所\103學年第一學期\posd\homework\mindmap\mindmap\x64\debug\iobserver.obj
d:\dropbox\北科\103級資工所\103學年第一學期\posd\homework\mindmap\mindmap\x64\debug\insertasiblingnodecmd.obj
d:\dropbox\北科\103級資工所\103學年第一學期\posd\homework\mindmap\mindmap\x64\debug\insertaparentnodecmd.obj
d:\dropbox\北科\103級資工所\103學年第一學期\posd\homework\mindmap\mindmap\x64\debug\insertachildnodecmd.obj
d:\dropbox\北科\103級資工所\103學年第一學期\posd\homework\mindmap\mindmap\x64\debug\graphicsnode.obj
d:\dropbox\北科\103級資工所\103學年第一學期\posd\homework\mindmap\mindmap\x64\debug\graphicalui.obj
d:\dropbox\北科\103級資工所\103學年第一學期\posd\homework\mindmap\mindmap\x64\debug\moc_graphicalui.obj
d:\dropbox\北科\103級資工所\103學年第一學期\posd\homework\mindmap\mindmap\x64\debug\editcomponentcommand.obj
d:\dropbox\北科\103級資工所\103學年第一學期\posd\homework\mindmap\mindmap\x64\debug\deletecomponentcommand.obj
d:\dropbox\北科\103級資工所\103學年第一學期\posd\homework\mindmap\mindmap\x64\debug\composite.obj
d:\dropbox\北科\103級資工所\103學年第一學期\posd\homework\mindmap\mindmap\x64\debug\componentfactory.obj
d:\dropbox\北科\103級資工所\103學年第一學期\posd\homework\mindmap\mindmap\x64\debug\component.obj
d:\dropbox\北科\103級資工所\103學年第一學期\posd\homework\mindmap\mindmap\x64\debug\commandmanger.obj
d:\dropbox\北科\103級資工所\103學年第一學期\posd\homework\mindmap\mindmap\x64\debug\command.obj
d:\dropbox\北科\103級資工所\103學年第一學期\posd\homework\mindmap\mindmap\x64\debug\changeparentcommand.obj
d:\dropbox\北科\103級資工所\103學年第一學期\posd\homework\mindmap\mindmap\x64\debug\textuiview.obj
d:\dropbox\北科\103級資工所\103學年第一學期\posd\homework\mindmap\mindmap\x64\debug\subject.obj
d:\dropbox\北科\103級資工所\103學年第一學期\posd\homework\mindmap\mindmap\x64\debug\qrc_graphicalui.obj
d:\dropbox\北科\103級資工所\103學年第一學期\posd\homework\mindmap\mindmap\generatedfiles\debug\moc_graphicalui.cpp
d:\dropbox\北科\103級資工所\103學年第一學期\posd\homework\mindmap\mindmap\generatedfiles\ui_graphicalui.h
d:\dropbox\北科\103級資工所\103學年第一學期\posd\homework\mindmap\mindmap\generatedfiles\debug\moc_graphicsnode.cpp
d:\dropbox\北科\103級資工所\103學年第一學期\posd\homework\mindmap\mindmap\generatedfiles\qrc_graphicalui.cpp
d:\dropbox\北科\103級資工所\103學年第一學期\posd\homework\mindmap\x64\debug\mindmap.ilk
d:\dropbox\北科\103級資工所\103學年第一學期\posd\homework\mindmap\x64\debug\mindmap.exe
d:\dropbox\北科\103級資工所\103學年第一學期\posd\homework\mindmap\x64\debug\mindmap.pdb
d:\dropbox\北科\103級資工所\103學年第一學期\posd\homework\mindmap\mindmap\x64\debug\mindmap.res
d:\dropbox\北科\103級資工所\103學年第一學期\posd\homework\mindmap\mindmap\x64\debug\mindmap.tlog\cl.command.1.tlog
d:\dropbox\北科\103級資工所\103學年第一學期\posd\homework\mindmap\mindmap\x64\debug\mindmap.tlog\cl.read.1.tlog
d:\dropbox\北科\103級資工所\103學年第一學期\posd\homework\mindmap\mindmap\x64\debug\mindmap.tlog\cl.write.1.tlog
d:\dropbox\北科\103級資工所\103學年第一學期\posd\homework\mindmap\mindmap\x64\debug\mindmap.tlog\custombuild.command.1.tlog
d:\dropbox\北科\103級資工所\103學年第一學期\posd\homework\mindmap\mindmap\x64\debug\mindmap.tlog\custombuild.read.1.tlog
d:\dropbox\北科\103級資工所\103學年第一學期\posd\homework\mindmap\mindmap\x64\debug\mindmap.tlog\custombuild.write.1.tlog
d:\dropbox\北科\103級資工所\103學年第一學期\posd\homework\mindmap\mindmap\x64\debug\mindmap.tlog\link.command.1.tlog
d:\dropbox\北科\103級資工所\103學年第一學期\posd\homework\mindmap\mindmap\x64\debug\mindmap.tlog\link.read.1.tlog
d:\dropbox\北科\103級資工所\103學年第一學期\posd\homework\mindmap\mindmap\x64\debug\mindmap.tlog\link.write.1.tlog
d:\dropbox\北科\103級資工所\103學年第一學期\posd\homework\mindmap\mindmap\x64\debug\mindmap.tlog\rc.command.1.tlog
d:\dropbox\北科\103級資工所\103學年第一學期\posd\homework\mindmap\mindmap\x64\debug\mindmap.tlog\rc.read.1.tlog
d:\dropbox\北科\103級資工所\103學年第一學期\posd\homework\mindmap\mindmap\x64\debug\mindmap.tlog\rc.write.1.tlog
