Build started 2014/11/21 下午 03:55:16.
     1>Project "D:\Dropbox\北科\103級資工所\103學年第一學期\POSD\Homework\MindMap\MindMap\MindMap.vcxproj" on node 2 (Rebuild target(s)).
     1>CustomBuild:
         Moc'ing GraphicalUI.h...
         Uic'ing GraphicalUI.ui...
         Moc'ing GraphicsNode.h...
     1>D:\Dropbox\??\103????\103??????\POSD\Homework\MindMap\MindMap\GraphicsNode.h(33): warning : Class GraphicsNode implements the interface QGraphicsItem but does not list it in Q_INTERFACES. qobject_cast to QGraphicsItem will not work!
         Rcc'ing GraphicalUI.qrc...
     1>RCC : warning : No resources in 'D:\Dropbox\??\103蝝?撌交?\103摮詨僑蝚砌?摮豢?\POSD\Homework\MindMap\MindMap\GraphicalUI.qrc'.
         
       ClCompile:
         C:\Program Files (x86)\Microsoft Visual Studio 12.0\VC\bin\CL.exe /c /I.\GeneratedFiles /I. /IC:\Qt\Qt5.3.2\5.3\msvc2013_64\include /I.\GeneratedFiles\Debug /IC:\Qt\Qt5.3.2\5.3\msvc2013_64\include\QtCore /IC:\Qt\Qt5.3.2\5.3\msvc2013_64\include\QtGui /IC:\Qt\Qt5.3.2\5.3\msvc2013_64\include\QtWidgets /Zi /nologo /W1 /WX- /Od /Oy- /D UNICODE /D WIN32 /D WIN64 /D QT_DLL /D QT_CORE_LIB /D QT_GUI_LIB /D QT_WIDGETS_LIB /Gm- /EHsc /MDd /GS /fp:precise /Zc:wchar_t /Zc:forScope /Fo"Debug\\" /Fd"Debug\vc120.pdb" /Gd /TP /analyze- /errorReport:prompt ChangeParentCommand.cpp Command.cpp CommandManger.cpp Component.cpp ComponentFactory.cpp Composite.cpp DeleteComponentCommand.cpp EditComponentCommand.cpp GeneratedFiles\Debug\moc_GraphicalUI.cpp GeneratedFiles\Debug\moc_GraphicsNode.cpp GraphicalUI.cpp GraphicsNode.cpp InsertAChildNodeCmd.cpp InsertAParentNodeCmd.cpp InsertASiblingNodeCmd.cpp IObserver.cpp main.cpp Model.cpp Node.cpp PresentationModel.cpp Root.cpp Subject.cpp TextUIView.cpp
         ChangeParentCommand.cpp
     1>d:\dropbox\北科\103級資工所\103學年第一學期\posd\homework\mindmap\mindmap\Component.h(6): fatal error C1083: Cannot open include file: 'gtest/gtest_prod.h': No such file or directory
         Command.cpp
         CommandManger.cpp
     1>d:\dropbox\北科\103級資工所\103學年第一學期\posd\homework\mindmap\mindmap\CommandManger.h(4): fatal error C1083: Cannot open include file: 'gtest/gtest_prod.h': No such file or directory
         Component.cpp
     1>d:\dropbox\北科\103級資工所\103學年第一學期\posd\homework\mindmap\mindmap\Component.h(6): fatal error C1083: Cannot open include file: 'gtest/gtest_prod.h': No such file or directory
         ComponentFactory.cpp
     1>d:\dropbox\北科\103級資工所\103學年第一學期\posd\homework\mindmap\mindmap\Component.h(6): fatal error C1083: Cannot open include file: 'gtest/gtest_prod.h': No such file or directory
         Composite.cpp
     1>d:\dropbox\北科\103級資工所\103學年第一學期\posd\homework\mindmap\mindmap\Component.h(6): fatal error C1083: Cannot open include file: 'gtest/gtest_prod.h': No such file or directory
         DeleteComponentCommand.cpp
     1>d:\dropbox\北科\103級資工所\103學年第一學期\posd\homework\mindmap\mindmap\Component.h(6): fatal error C1083: Cannot open include file: 'gtest/gtest_prod.h': No such file or directory
         EditComponentCommand.cpp
     1>d:\dropbox\北科\103級資工所\103學年第一學期\posd\homework\mindmap\mindmap\Component.h(6): fatal error C1083: Cannot open include file: 'gtest/gtest_prod.h': No such file or directory
         moc_GraphicalUI.cpp
     1>d:\dropbox\北科\103級資工所\103學年第一學期\posd\homework\mindmap\mindmap\Component.h(6): fatal error C1083: Cannot open include file: 'gtest/gtest_prod.h': No such file or directory
         moc_GraphicsNode.cpp
     1>d:\dropbox\北科\103級資工所\103學年第一學期\posd\homework\mindmap\mindmap\Component.h(6): fatal error C1083: Cannot open include file: 'gtest/gtest_prod.h': No such file or directory
         GraphicalUI.cpp
     1>d:\dropbox\北科\103級資工所\103學年第一學期\posd\homework\mindmap\mindmap\Component.h(6): fatal error C1083: Cannot open include file: 'gtest/gtest_prod.h': No such file or directory
         GraphicsNode.cpp
     1>d:\dropbox\北科\103級資工所\103學年第一學期\posd\homework\mindmap\mindmap\Component.h(6): fatal error C1083: Cannot open include file: 'gtest/gtest_prod.h': No such file or directory
         InsertAChildNodeCmd.cpp
     1>d:\dropbox\北科\103級資工所\103學年第一學期\posd\homework\mindmap\mindmap\Component.h(6): fatal error C1083: Cannot open include file: 'gtest/gtest_prod.h': No such file or directory
         InsertAParentNodeCmd.cpp
     1>d:\dropbox\北科\103級資工所\103學年第一學期\posd\homework\mindmap\mindmap\Component.h(6): fatal error C1083: Cannot open include file: 'gtest/gtest_prod.h': No such file or directory
         InsertASiblingNodeCmd.cpp
     1>d:\dropbox\北科\103級資工所\103學年第一學期\posd\homework\mindmap\mindmap\Component.h(6): fatal error C1083: Cannot open include file: 'gtest/gtest_prod.h': No such file or directory
         IObserver.cpp
         main.cpp
     1>d:\dropbox\北科\103級資工所\103學年第一學期\posd\homework\mindmap\mindmap\Component.h(6): fatal error C1083: Cannot open include file: 'gtest/gtest_prod.h': No such file or directory
         Model.cpp
     1>d:\dropbox\北科\103級資工所\103學年第一學期\posd\homework\mindmap\mindmap\Component.h(6): fatal error C1083: Cannot open include file: 'gtest/gtest_prod.h': No such file or directory
         Node.cpp
     1>d:\dropbox\北科\103級資工所\103學年第一學期\posd\homework\mindmap\mindmap\Component.h(6): fatal error C1083: Cannot open include file: 'gtest/gtest_prod.h': No such file or directory
         PresentationModel.cpp
     1>d:\dropbox\北科\103級資工所\103學年第一學期\posd\homework\mindmap\mindmap\Component.h(6): fatal error C1083: Cannot open include file: 'gtest/gtest_prod.h': No such file or directory
         Generating Code...
         Compiling...
         Root.cpp
     1>d:\dropbox\北科\103級資工所\103學年第一學期\posd\homework\mindmap\mindmap\Component.h(6): fatal error C1083: Cannot open include file: 'gtest/gtest_prod.h': No such file or directory
         Subject.cpp
         TextUIView.cpp
     1>d:\dropbox\北科\103級資工所\103學年第一學期\posd\homework\mindmap\mindmap\Component.h(6): fatal error C1083: Cannot open include file: 'gtest/gtest_prod.h': No such file or directory
         Generating Code...
     1>Done Building Project "D:\Dropbox\北科\103級資工所\103學年第一學期\POSD\Homework\MindMap\MindMap\MindMap.vcxproj" (Rebuild target(s)) -- FAILED.

Build FAILED.

Time Elapsed 00:00:13.34
