d:\dropbox\北科\103級資工所\103學年第一學期\posd\homework\mindmap\mindmap\debug\vc120.pdb
d:\dropbox\北科\103級資工所\103學年第一學期\posd\homework\mindmap\mindmap\debug\iobserver.obj
d:\dropbox\北科\103級資工所\103學年第一學期\posd\homework\mindmap\mindmap\debug\command.obj
d:\dropbox\北科\103級資工所\103學年第一學期\posd\homework\mindmap\mindmap\debug\subject.obj
d:\github\posd\mindmap\debug\vc120.pdb
d:\github\posd\mindmap\debug\pastenodecommand.obj
d:\github\posd\mindmap\debug\iobserver.obj
d:\github\posd\mindmap\debug\cutnodecommand.obj
d:\github\posd\mindmap\debug\command.obj
d:\github\posd\mindmap\debug\subject.obj
d:\dropbox\北科\103級資工所\103學年第一學期\posd\homework\mindmap\mindmap\generatedfiles\debug\moc_graphicalui.cpp
d:\dropbox\北科\103級資工所\103學年第一學期\posd\homework\mindmap\mindmap\generatedfiles\ui_graphicalui.h
d:\dropbox\北科\103級資工所\103學年第一學期\posd\homework\mindmap\mindmap\generatedfiles\debug\moc_graphicsnode.cpp
d:\dropbox\北科\103級資工所\103學年第一學期\posd\homework\mindmap\mindmap\generatedfiles\qrc_graphicalui.cpp
d:\github\posd\mindmap\generatedfiles\debug\moc_graphicalui.cpp
d:\github\posd\mindmap\generatedfiles\ui_graphicalui.h
d:\github\posd\mindmap\generatedfiles\debug\moc_graphicsnode.cpp
d:\github\posd\mindmap\generatedfiles\qrc_graphicalui.cpp
d:\github\posd\mindmap\debug\mindmap.tlog\cl.command.1.tlog
d:\github\posd\mindmap\debug\mindmap.tlog\cl.read.1.tlog
d:\github\posd\mindmap\debug\mindmap.tlog\cl.write.1.tlog
d:\github\posd\mindmap\debug\mindmap.tlog\custombuild.command.1.tlog
d:\github\posd\mindmap\debug\mindmap.tlog\custombuild.read.1.tlog
d:\github\posd\mindmap\debug\mindmap.tlog\custombuild.write.1.tlog
